⛏️  Bitcoin-style Mining Client
========================================
🎯 Mining for address: test_miner_001
🔗 Node: http://localhost:5000
Press Ctrl+C to stop mining
----------------------------------------
🚀 Starting mining for address: test_miner_001
🔗 Connected to node: http://localhost:5000
⚠️  Node has no peers - network isolated
⏳ Waiting for network to stabilize...
⚠️  Node has no peers - network isolated
⏳ Waiting for network to stabilize...
⚠️  Node has no peers - network isolated
⏳ Waiting for network to stabilize...
⚠️  Node has no peers - network isolated
⏳ Waiting for network to stabilize...
⚠️  Node has no peers - network isolated
⏳ Waiting for network to stabilize...
⚠️  Node has no peers - network isolated
⏳ Waiting for network to stabilize...
⚠️  Node has no peers - network isolated
⏳ Waiting for network to stabilize...
⚠️  Node has no peers - network isolated
⏳ Waiting for network to stabilize...
⚠️  Node has no peers - network isolated
⏳ Waiting for network to stabilize...
⚠️  Node has no peers - network isolated
⏳ Waiting for network to stabilize...
⚠️  Node has no peers - network isolated
⏳ Waiting for network to stabilize...
⚠️  Node has no peers - network isolated
⏳ Waiting for network to stabilize...
⚠️  Node has no peers - network isolated
⏳ Waiting for network to stabilize...
⚠️  Node has no peers - network isolated
⏳ Waiting for network to stabilize...
⚠️  Node has no peers - network isolated
⏳ Waiting for network to stabilize...
⚠️  Node has no peers - network isolated
⏳ Waiting for network to stabilize...
⚠️  Node has no peers - network isolated
⏳ Waiting for network to stabilize...
⚠️  Node has no peers - network isolated
⏳ Waiting for network to stabilize...
⚠️  Node has no peers - network isolated
⏳ Waiting for network to stabilize...
⚠️  Node has no peers - network isolated
⏳ Waiting for network to stabilize...
⚠️  Node has no peers - network isolated
⏳ Waiting for network to stabilize...
⚠️  Node has no peers - network isolated
⏳ Waiting for network to stabilize...
⚠️  Node has no peers - network isolated
⏳ Waiting for network to stabilize...
⚠️  Node has no peers - network isolated
⏳ Waiting for network to stabilize...
⚠️  Node has no peers - network isolated
⏳ Waiting for network to stabilize...
⚠️  Node has no peers - network isolated
⏳ Waiting for network to stabilize...
⚠️  Node has no peers - network isolated
⏳ Waiting for network to stabilize...
⚠️  Node has no peers - network isolated
⏳ Waiting for network to stabilize...
⚠️  Node has no peers - network isolated
⏳ Waiting for network to stabilize...
⚠️  Node has no peers - network isolated
⏳ Waiting for network to stabilize...
⚠️  Node has no peers - network isolated
⏳ Waiting for network to stabilize...
⚠️  Node has no peers - network isolated
⏳ Waiting for network to stabilize...
⚠️  Node has no peers - network isolated
⏳ Waiting for network to stabilize...
⚠️  Node has no peers - network isolated
⏳ Waiting for network to stabilize...
⚠️  Node has no peers - network isolated
⏳ Waiting for network to stabilize...
⚠️  Node has no peers - network isolated
⏳ Waiting for network to stabilize...
⚠️  Node has no peers - network isolated
⏳ Waiting for network to stabilize...
⚠️  Node has no peers - network isolated
⏳ Waiting for network to stabilize...
⚠️  Node has no peers - network isolated
⏳ Waiting for network to stabilize...
⚠️  Node has no peers - network isolated
⏳ Waiting for network to stabilize...
⚠️  Node has no peers - network isolated
⏳ Waiting for network to stabilize...
⚠️  Node has no peers - network isolated
⏳ Waiting for network to stabilize...
⚠️  Node has no peers - network isolated
⏳ Waiting for network to stabilize...
⚠️  Node has no peers - network isolated
⏳ Waiting for network to stabilize...
⚠️  Node has no peers - network isolated
⏳ Waiting for network to stabilize...
⚠️  Node has no peers - network isolated
⏳ Waiting for network to stabilize...
⚠️  Node has no peers - network isolated
⏳ Waiting for network to stabilize...
⚠️  Node has no peers - network isolated
⏳ Waiting for network to stabilize...
⚠️  Node has no peers - network isolated
⏳ Waiting for network to stabilize...
⚠️  Node has no peers - network isolated
⏳ Waiting for network to stabilize...
⚠️  Node has no peers - network isolated
⏳ Waiting for network to stabilize...
⚠️  Node has no peers - network isolated
⏳ Waiting for network to stabilize...
⚠️  Node has no peers - network isolated
⏳ Waiting for network to stabilize...
⚠️  Node has no peers - network isolated
⏳ Waiting for network to stabilize...
⚠️  Node has no peers - network isolated
⏳ Waiting for network to stabilize...
⚠️  Node has no peers - network isolated
⏳ Waiting for network to stabilize...
⚠️  Node has no peers - network isolated
⏳ Waiting for network to stabilize...
⚠️  Node has no peers - network isolated
⏳ Waiting for network to stabilize...
⚠️  Node has no peers - network isolated
⏳ Waiting for network to stabilize...
⚠️  Node has no peers - network isolated
⏳ Waiting for network to stabilize...
⚠️  Node has no peers - network isolated
⏳ Waiting for network to stabilize...
⚠️  Node has no peers - network isolated
⏳ Waiting for network to stabilize...
⚠️  Node has no peers - network isolated
⏳ Waiting for network to stabilize...
⚠️  Node has no peers - network isolated
⏳ Waiting for network to stabilize...
⚠️  Node has no peers - network isolated
⏳ Waiting for network to stabilize...
⚠️  Node has no peers - network isolated
⏳ Waiting for network to stabilize...
⚠️  Node has no peers - network isolated
⏳ Waiting for network to stabilize...
⚠️  Node has no peers - network isolated
⏳ Waiting for network to stabilize...
⚠️  Node has no peers - network isolated
⏳ Waiting for network to stabilize...
⚠️  Node has no peers - network isolated
⏳ Waiting for network to stabilize...
⚠️  Node has no peers - network isolated
⏳ Waiting for network to stabilize...
⚠️  Node has no peers - network isolated
⏳ Waiting for network to stabilize...
⚠️  Node has no peers - network isolated
⏳ Waiting for network to stabilize...
⚠️  Node has no peers - network isolated
⏳ Waiting for network to stabilize...
⚠️  Node has no peers - network isolated
⏳ Waiting for network to stabilize...
⚠️  Node has no peers - network isolated
⏳ Waiting for network to stabilize...
⚠️  Node has no peers - network isolated
⏳ Waiting for network to stabilize...
⚠️  Node has no peers - network isolated
⏳ Waiting for network to stabilize...
⚠️  Node has no peers - network isolated
⏳ Waiting for network to stabilize...
⚠️  Node has no peers - network isolated
⏳ Waiting for network to stabilize...
⚠️  Node has no peers - network isolated
⏳ Waiting for network to stabilize...
⚠️  Node has no peers - network isolated
⏳ Waiting for network to stabilize...
⚠️  Node has no peers - network isolated
⏳ Waiting for network to stabilize...
⚠️  Node has no peers - network isolated
⏳ Waiting for network to stabilize...
⚠️  Network health check failed: HTTPConnectionPool(host='localhost', port=5000): Max retries exceeded with url: /status (Caused by NewConnectionError('<urllib3.connection.HTTPConnection object at 0x1063c3ce0>: Failed to establish a new connection: [Errno 61] Connection refused'))
⏳ Waiting for network to stabilize...
⚠️  Node has no peers - network isolated
⏳ Waiting for network to stabilize...
⚠️  Node has no peers - network isolated
⏳ Waiting for network to stabilize...
⚠️  Node has no peers - network isolated
⏳ Waiting for network to stabilize...
⚠️  Node has no peers - network isolated
⏳ Waiting for network to stabilize...
⚠️  Node has no peers - network isolated
⏳ Waiting for network to stabilize...