INFO:src.concurrency.network_safe:Thread-safe peer manager initialized
INFO:src.concurrency.mining_safe:Work coordinator initialized
INFO:src.concurrency.mining_safe:Mining pool initialized
INFO:src.concurrency.session_safe:Thread-safe session manager initialized: sessions
DEBUG:src.concurrency.thread_safety:Thread 8590532800 waiting for lock blockchain_chain
DEBUG:src.concurrency.thread_safety:Thread 8590532800 acquired lock blockchain_chain
DEBUG:src.concurrency.thread_safety:Thread 8590532800 acquired write lock blockchain_chain
DEBUG:src.concurrency.thread_safety:Thread 8590532800 waiting for lock utxo_set
DEBUG:src.concurrency.thread_safety:Thread 8590532800 acquired lock utxo_set
DEBUG:src.concurrency.thread_safety:Thread 8590532800 acquired write lock utxo_set
DEBUG:src.concurrency.thread_safety:Thread 8590532800 released lock utxo_set
DEBUG:src.concurrency.thread_safety:Thread 8590532800 released write lock utxo_set
INFO:src.concurrency.blockchain_safe:Genesis block created and UTXO set initialized
DEBUG:src.concurrency.thread_safety:Thread 8590532800 released lock blockchain_chain
DEBUG:src.concurrency.thread_safety:Thread 8590532800 released write lock blockchain_chain
INFO:src.concurrency.blockchain_safe:Thread-safe blockchain initialized
INFO:src.concurrency.network_safe:Thread-safe peer manager initialized
INFO:src.concurrency.session_safe:Thread-safe session manager initialized: sessions
DEBUG:src.concurrency.thread_safety:Thread 8590532800 waiting for lock session_manager
DEBUG:src.concurrency.thread_safety:Thread 8590532800 acquired lock session_manager
DEBUG:src.concurrency.thread_safety:Thread 8590532800 acquired write lock session_manager
DEBUG:src.concurrency.session_safe:Acquired file lock: sessions/session_5/session_metadata.json.lock
DEBUG:src.concurrency.session_safe:Released file lock: sessions/session_5/session_metadata.json.lock
DEBUG:src.concurrency.session_safe:Acquired file lock: sessions/session_12/session_metadata.json.lock
DEBUG:urllib3.connectionpool:Starting new HTTP connection (1): localhost:5000
DEBUG:urllib3.connectionpool:Starting new HTTP connection (1): localhost:5002
DEBUG:urllib3.connectionpool:Starting new HTTP connection (1): localhost:5001
DEBUG:urllib3.connectionpool:Starting new HTTP connection (1): localhost:5003
DEBUG:urllib3.connectionpool:Starting new HTTP connection (1): localhost:5005
DEBUG:urllib3.connectionpool:Starting new HTTP connection (1): localhost:5004
DEBUG:urllib3.connectionpool:Starting new HTTP connection (1): localhost:5006
DEBUG:urllib3.connectionpool:Starting new HTTP connection (1): localhost:5008
DEBUG:urllib3.connectionpool:Starting new HTTP connection (1): localhost:5007
DEBUG:src.concurrency.session_safe:Released file lock: sessions/session_12/session_metadata.json.lock
DEBUG:src.concurrency.session_safe:Acquired file lock: sessions/session_2/session_metadata.json.lock
DEBUG:src.concurrency.session_safe:Released file lock: sessions/session_2/session_metadata.json.lock
DEBUG:src.concurrency.session_safe:Acquired file lock: sessions/session_24/session_metadata.json.lock
DEBUG:urllib3.connectionpool:Starting new HTTP connection (1): localhost:5000
DEBUG:src.concurrency.session_safe:Released file lock: sessions/session_24/session_metadata.json.lock
DEBUG:src.concurrency.session_safe:Acquired file lock: sessions/session_23/session_metadata.json.lock
DEBUG:urllib3.connectionpool:Starting new HTTP connection (1): localhost:5000
DEBUG:src.concurrency.session_safe:Released file lock: sessions/session_23/session_metadata.json.lock
DEBUG:src.concurrency.session_safe:Acquired file lock: sessions/session_22/session_metadata.json.lock
DEBUG:urllib3.connectionpool:Starting new HTTP connection (1): localhost:5000
DEBUG:src.concurrency.session_safe:Released file lock: sessions/session_22/session_metadata.json.lock
DEBUG:src.concurrency.session_safe:Acquired file lock: sessions/session_25/session_metadata.json.lock
DEBUG:urllib3.connectionpool:Starting new HTTP connection (1): localhost:5001
DEBUG:urllib3.connectionpool:Starting new HTTP connection (1): localhost:5002
DEBUG:urllib3.connectionpool:Starting new HTTP connection (1): localhost:5003
DEBUG:urllib3.connectionpool:Starting new HTTP connection (1): localhost:5004
DEBUG:urllib3.connectionpool:Starting new HTTP connection (1): localhost:5005
DEBUG:urllib3.connectionpool:Starting new HTTP connection (1): localhost:5000
DEBUG:src.concurrency.session_safe:Released file lock: sessions/session_25/session_metadata.json.lock
DEBUG:src.concurrency.session_safe:Acquired file lock: sessions/session_13/session_metadata.json.lock
DEBUG:src.concurrency.session_safe:Released file lock: sessions/session_13/session_metadata.json.lock
DEBUG:src.concurrency.session_safe:Acquired file lock: sessions/session_3/session_metadata.json.lock
DEBUG:src.concurrency.session_safe:Released file lock: sessions/session_3/session_metadata.json.lock
DEBUG:src.concurrency.session_safe:Acquired file lock: sessions/session_4/session_metadata.json.lock
DEBUG:src.concurrency.session_safe:Released file lock: sessions/session_4/session_metadata.json.lock
DEBUG:src.concurrency.session_safe:Acquired file lock: sessions/session_31/session_metadata.json.lock
DEBUG:urllib3.connectionpool:Starting new HTTP connection (1): localhost:5000
DEBUG:src.concurrency.session_safe:Released file lock: sessions/session_31/session_metadata.json.lock
DEBUG:src.concurrency.session_safe:Acquired file lock: sessions/session_30/session_metadata.json.lock
DEBUG:urllib3.connectionpool:Starting new HTTP connection (1): localhost:5000
DEBUG:urllib3.connectionpool:Starting new HTTP connection (1): localhost:5001
DEBUG:urllib3.connectionpool:Starting new HTTP connection (1): localhost:5002
DEBUG:src.concurrency.session_safe:Released file lock: sessions/session_30/session_metadata.json.lock
DEBUG:src.concurrency.session_safe:Acquired file lock: sessions/session_11/session_metadata.json.lock
DEBUG:urllib3.connectionpool:Starting new HTTP connection (1): localhost:5000
DEBUG:urllib3.connectionpool:Starting new HTTP connection (1): localhost:5002
DEBUG:urllib3.connectionpool:Starting new HTTP connection (1): localhost:5001
DEBUG:urllib3.connectionpool:Starting new HTTP connection (1): localhost:5003
DEBUG:urllib3.connectionpool:Starting new HTTP connection (1): localhost:5004
DEBUG:urllib3.connectionpool:Starting new HTTP connection (1): localhost:5005
DEBUG:urllib3.connectionpool:Starting new HTTP connection (1): localhost:5006
DEBUG:urllib3.connectionpool:Starting new HTTP connection (1): localhost:5007
DEBUG:urllib3.connectionpool:Starting new HTTP connection (1): localhost:5008
DEBUG:urllib3.connectionpool:Starting new HTTP connection (1): localhost:5009
DEBUG:urllib3.connectionpool:Starting new HTTP connection (1): localhost:5011
DEBUG:src.concurrency.session_safe:Released file lock: sessions/session_11/session_metadata.json.lock
DEBUG:src.concurrency.session_safe:Acquired file lock: sessions/session_1/session_metadata.json.lock
DEBUG:src.concurrency.session_safe:Released file lock: sessions/session_1/session_metadata.json.lock
DEBUG:src.concurrency.session_safe:Acquired file lock: sessions/session_6/session_metadata.json.lock
DEBUG:src.concurrency.session_safe:Released file lock: sessions/session_6/session_metadata.json.lock
DEBUG:src.concurrency.session_safe:Acquired file lock: sessions/session_29/session_metadata.json.lock
DEBUG:urllib3.connectionpool:Starting new HTTP connection (1): localhost:5000
DEBUG:urllib3.connectionpool:Starting new HTTP connection (1): localhost:5001
DEBUG:urllib3.connectionpool:Starting new HTTP connection (1): localhost:5002
DEBUG:urllib3.connectionpool:Starting new HTTP connection (1): localhost:5003
DEBUG:urllib3.connectionpool:Starting new HTTP connection (1): localhost:5004
DEBUG:src.concurrency.session_safe:Released file lock: sessions/session_29/session_metadata.json.lock
DEBUG:src.concurrency.session_safe:Acquired file lock: sessions/session_20/session_metadata.json.lock
DEBUG:urllib3.connectionpool:Starting new HTTP connection (1): localhost:5001
DEBUG:src.concurrency.session_safe:Released file lock: sessions/session_20/session_metadata.json.lock
DEBUG:src.concurrency.session_safe:Acquired file lock: sessions/session_27/session_metadata.json.lock
DEBUG:urllib3.connectionpool:Starting new HTTP connection (1): localhost:5000
DEBUG:urllib3.connectionpool:Starting new HTTP connection (1): localhost:5001
DEBUG:urllib3.connectionpool:Starting new HTTP connection (1): localhost:5002
DEBUG:urllib3.connectionpool:Starting new HTTP connection (1): localhost:5003
DEBUG:urllib3.connectionpool:Starting new HTTP connection (1): localhost:5004
DEBUG:src.concurrency.session_safe:Released file lock: sessions/session_27/session_metadata.json.lock
DEBUG:src.concurrency.session_safe:Acquired file lock: sessions/session_18/session_metadata.json.lock
DEBUG:src.concurrency.session_safe:Released file lock: sessions/session_18/session_metadata.json.lock
DEBUG:src.concurrency.session_safe:Acquired file lock: sessions/session_8/session_metadata.json.lock
DEBUG:src.concurrency.session_safe:Released file lock: sessions/session_8/session_metadata.json.lock
DEBUG:src.concurrency.session_safe:Acquired file lock: sessions/session_26/session_metadata.json.lock
DEBUG:urllib3.connectionpool:Starting new HTTP connection (1): localhost:5001
DEBUG:urllib3.connectionpool:Starting new HTTP connection (1): localhost:5000
DEBUG:urllib3.connectionpool:Starting new HTTP connection (1): localhost:5002
DEBUG:urllib3.connectionpool:Starting new HTTP connection (1): localhost:5003
DEBUG:urllib3.connectionpool:Starting new HTTP connection (1): localhost:5005
DEBUG:urllib3.connectionpool:Starting new HTTP connection (1): localhost:5004
DEBUG:src.concurrency.session_safe:Released file lock: sessions/session_26/session_metadata.json.lock
DEBUG:src.concurrency.session_safe:Acquired file lock: sessions/session_19/session_metadata.json.lock
DEBUG:urllib3.connectionpool:Starting new HTTP connection (1): localhost:5000
DEBUG:src.concurrency.session_safe:Released file lock: sessions/session_19/session_metadata.json.lock
DEBUG:src.concurrency.session_safe:Acquired file lock: sessions/session_9/session_metadata.json.lock
DEBUG:urllib3.connectionpool:Starting new HTTP connection (1): localhost:5000
DEBUG:urllib3.connectionpool:Starting new HTTP connection (1): localhost:5001
DEBUG:urllib3.connectionpool:Starting new HTTP connection (1): localhost:5002
DEBUG:urllib3.connectionpool:Starting new HTTP connection (1): localhost:5003
DEBUG:urllib3.connectionpool:Starting new HTTP connection (1): localhost:5004
DEBUG:urllib3.connectionpool:Starting new HTTP connection (1): localhost:5005
DEBUG:urllib3.connectionpool:Starting new HTTP connection (1): localhost:5007
DEBUG:urllib3.connectionpool:Starting new HTTP connection (1): localhost:5008
DEBUG:urllib3.connectionpool:Starting new HTTP connection (1): localhost:5006
DEBUG:urllib3.connectionpool:Starting new HTTP connection (1): localhost:5009
DEBUG:urllib3.connectionpool:Starting new HTTP connection (1): localhost:5010
DEBUG:urllib3.connectionpool:Starting new HTTP connection (1): localhost:5011
DEBUG:src.concurrency.session_safe:Released file lock: sessions/session_9/session_metadata.json.lock
DEBUG:src.concurrency.session_safe:Acquired file lock: sessions/session_21/session_metadata.json.lock
DEBUG:urllib3.connectionpool:Starting new HTTP connection (1): localhost:5001
DEBUG:urllib3.connectionpool:Starting new HTTP connection (1): localhost:5002
DEBUG:src.concurrency.session_safe:Released file lock: sessions/session_21/session_metadata.json.lock
DEBUG:src.concurrency.session_safe:Acquired file lock: sessions/session_7/session_metadata.json.lock
DEBUG:src.concurrency.session_safe:Released file lock: sessions/session_7/session_metadata.json.lock
DEBUG:src.concurrency.session_safe:Acquired file lock: sessions/session_28/session_metadata.json.lock
DEBUG:urllib3.connectionpool:Starting new HTTP connection (1): localhost:5000
DEBUG:urllib3.connectionpool:Starting new HTTP connection (1): localhost:5001
DEBUG:urllib3.connectionpool:Starting new HTTP connection (1): localhost:5002
DEBUG:urllib3.connectionpool:Starting new HTTP connection (1): localhost:5003
DEBUG:urllib3.connectionpool:Starting new HTTP connection (1): localhost:5004
DEBUG:src.concurrency.session_safe:Released file lock: sessions/session_28/session_metadata.json.lock
DEBUG:src.concurrency.session_safe:Acquired file lock: sessions/session_10/session_metadata.json.lock
DEBUG:src.concurrency.session_safe:Released file lock: sessions/session_10/session_metadata.json.lock
DEBUG:src.concurrency.session_safe:Acquired file lock: sessions/session_32/session_metadata.json.lock
DEBUG:urllib3.connectionpool:Starting new HTTP connection (1): localhost:5000
DEBUG:src.concurrency.session_safe:Released file lock: sessions/session_32/session_metadata.json.lock
DEBUG:src.concurrency.session_safe:Acquired file lock: sessions/session_35/session_metadata.json.lock
DEBUG:urllib3.connectionpool:Starting new HTTP connection (1): localhost:5000
DEBUG:src.concurrency.session_safe:Released file lock: sessions/session_35/session_metadata.json.lock
DEBUG:src.concurrency.session_safe:Acquired file lock: sessions/session_34/session_metadata.json.lock
DEBUG:urllib3.connectionpool:Starting new HTTP connection (1): localhost:5000
DEBUG:urllib3.connectionpool:Starting new HTTP connection (1): localhost:5001
DEBUG:urllib3.connectionpool:Starting new HTTP connection (1): localhost:5002
DEBUG:src.concurrency.session_safe:Released file lock: sessions/session_34/session_metadata.json.lock
DEBUG:src.concurrency.session_safe:Acquired file lock: sessions/session_33/session_metadata.json.lock
DEBUG:urllib3.connectionpool:Starting new HTTP connection (1): localhost:5000
DEBUG:src.concurrency.session_safe:Released file lock: sessions/session_33/session_metadata.json.lock
DEBUG:src.concurrency.session_safe:Atomically wrote file: sessions/session_36/session_metadata.json
INFO:src.concurrency.session_safe:Created new session: session_36
DEBUG:src.concurrency.thread_safety:Thread 8590532800 released lock session_manager
DEBUG:src.concurrency.thread_safety:Thread 8590532800 released write lock session_manager
DEBUG:src.concurrency.session_safe:Acquired file lock: sessions/session_36/session_metadata.json.lock
INFO:src.concurrency.session_safe:Registered new node: core0
DEBUG:src.concurrency.session_safe:Atomically wrote file: sessions/session_36/session_metadata.json
DEBUG:src.concurrency.session_safe:Released file lock: sessions/session_36/session_metadata.json.lock
INFO:__main__:Thread-safe network node initialized: core0
INFO:__main__:Starting thread-safe network node: core0
INFO:__main__:Discovering peers...
DEBUG:urllib3.util.retry:Converted retries value: 3 -> Retry(total=3, connect=None, read=None, redirect=None, status=None)
DEBUG:urllib3.util.retry:Converted retries value: 3 -> Retry(total=3, connect=None, read=None, redirect=None, status=None)
DEBUG:urllib3.util.retry:Converted retries value: 3 -> Retry(total=3, connect=None, read=None, redirect=None, status=None)
DEBUG:urllib3.connectionpool:Starting new HTTP connection (1): localhost:5000
DEBUG:urllib3.util.retry:Converted retries value: 3 -> Retry(total=3, connect=None, read=None, redirect=None, status=None)
DEBUG:urllib3.connectionpool:Starting new HTTP connection (1): localhost:5001
DEBUG:urllib3.connectionpool:Starting new HTTP connection (1): localhost:5002
DEBUG:urllib3.util.retry:Converted retries value: 3 -> Retry(total=3, connect=None, read=None, redirect=None, status=None)
DEBUG:urllib3.connectionpool:Starting new HTTP connection (1): localhost:5003
DEBUG:urllib3.util.retry:Incremented Retry for (url='/status'): Retry(total=2, connect=None, read=None, redirect=None, status=None)
WARNING:urllib3.connectionpool:Retrying (Retry(total=2, connect=None, read=None, redirect=None, status=None)) after connection broken by 'NewConnectionError('<urllib3.connection.HTTPConnection object at 0x107bc0af0>: Failed to establish a new connection: [Errno 61] Connection refused')': /status
DEBUG:urllib3.connectionpool:Starting new HTTP connection (1): localhost:5004
DEBUG:urllib3.connectionpool:Starting new HTTP connection (2): localhost:5000
DEBUG:urllib3.util.retry:Incremented Retry for (url='/status'): Retry(total=2, connect=None, read=None, redirect=None, status=None)
DEBUG:urllib3.util.retry:Incremented Retry for (url='/status'): Retry(total=2, connect=None, read=None, redirect=None, status=None)
WARNING:urllib3.connectionpool:Retrying (Retry(total=2, connect=None, read=None, redirect=None, status=None)) after connection broken by 'NewConnectionError('<urllib3.connection.HTTPConnection object at 0x107bc0490>: Failed to establish a new connection: [Errno 61] Connection refused')': /status
DEBUG:urllib3.util.retry:Incremented Retry for (url='/status'): Retry(total=2, connect=None, read=None, redirect=None, status=None)
WARNING:urllib3.connectionpool:Retrying (Retry(total=2, connect=None, read=None, redirect=None, status=None)) after connection broken by 'NewConnectionError('<urllib3.connection.HTTPConnection object at 0x107bc0160>: Failed to establish a new connection: [Errno 61] Connection refused')': /status
DEBUG:urllib3.connectionpool:Starting new HTTP connection (2): localhost:5001
WARNING:urllib3.connectionpool:Retrying (Retry(total=2, connect=None, read=None, redirect=None, status=None)) after connection broken by 'NewConnectionError('<urllib3.connection.HTTPConnection object at 0x107bc07c0>: Failed to establish a new connection: [Errno 61] Connection refused')': /status
DEBUG:urllib3.connectionpool:Starting new HTTP connection (2): localhost:5002
DEBUG:urllib3.connectionpool:Starting new HTTP connection (2): localhost:5003
DEBUG:urllib3.util.retry:Incremented Retry for (url='/status'): Retry(total=2, connect=None, read=None, redirect=None, status=None)
DEBUG:urllib3.util.retry:Incremented Retry for (url='/status'): Retry(total=1, connect=None, read=None, redirect=None, status=None)
WARNING:urllib3.connectionpool:Retrying (Retry(total=2, connect=None, read=None, redirect=None, status=None)) after connection broken by 'NewConnectionError('<urllib3.connection.HTTPConnection object at 0x107bc09e0>: Failed to establish a new connection: [Errno 61] Connection refused')': /status
WARNING:urllib3.connectionpool:Retrying (Retry(total=1, connect=None, read=None, redirect=None, status=None)) after connection broken by 'NewConnectionError('<urllib3.connection.HTTPConnection object at 0x107bc08d0>: Failed to establish a new connection: [Errno 61] Connection refused')': /status
DEBUG:urllib3.connectionpool:Starting new HTTP connection (2): localhost:5004
DEBUG:urllib3.connectionpool:Starting new HTTP connection (3): localhost:5000
DEBUG:urllib3.util.retry:Incremented Retry for (url='/status'): Retry(total=1, connect=None, read=None, redirect=None, status=None)
WARNING:urllib3.connectionpool:Retrying (Retry(total=1, connect=None, read=None, redirect=None, status=None)) after connection broken by 'NewConnectionError('<urllib3.connection.HTTPConnection object at 0x107bc0c00>: Failed to establish a new connection: [Errno 61] Connection refused')': /status
DEBUG:urllib3.connectionpool:Starting new HTTP connection (3): localhost:5001
DEBUG:urllib3.util.retry:Incremented Retry for (url='/status'): Retry(total=1, connect=None, read=None, redirect=None, status=None)
WARNING:urllib3.connectionpool:Retrying (Retry(total=1, connect=None, read=None, redirect=None, status=None)) after connection broken by 'NewConnectionError('<urllib3.connection.HTTPConnection object at 0x107bc1040>: Failed to establish a new connection: [Errno 61] Connection refused')': /status
DEBUG:urllib3.util.retry:Incremented Retry for (url='/status'): Retry(total=1, connect=None, read=None, redirect=None, status=None)
DEBUG:urllib3.connectionpool:Starting new HTTP connection (3): localhost:5003
WARNING:urllib3.connectionpool:Retrying (Retry(total=1, connect=None, read=None, redirect=None, status=None)) after connection broken by 'NewConnectionError('<urllib3.connection.HTTPConnection object at 0x107bc0e20>: Failed to establish a new connection: [Errno 61] Connection refused')': /status
DEBUG:urllib3.connectionpool:Starting new HTTP connection (3): localhost:5002
DEBUG:urllib3.util.retry:Incremented Retry for (url='/status'): Retry(total=0, connect=None, read=None, redirect=None, status=None)
WARNING:urllib3.connectionpool:Retrying (Retry(total=0, connect=None, read=None, redirect=None, status=None)) after connection broken by 'NewConnectionError('<urllib3.connection.HTTPConnection object at 0x107bc0380>: Failed to establish a new connection: [Errno 61] Connection refused')': /status
DEBUG:urllib3.util.retry:Incremented Retry for (url='/status'): Retry(total=1, connect=None, read=None, redirect=None, status=None)
DEBUG:urllib3.util.retry:Incremented Retry for (url='/status'): Retry(total=0, connect=None, read=None, redirect=None, status=None)
DEBUG:urllib3.connectionpool:Starting new HTTP connection (4): localhost:5000
WARNING:urllib3.connectionpool:Retrying (Retry(total=1, connect=None, read=None, redirect=None, status=None)) after connection broken by 'NewConnectionError('<urllib3.connection.HTTPConnection object at 0x107bc1260>: Failed to establish a new connection: [Errno 61] Connection refused')': /status
WARNING:urllib3.connectionpool:Retrying (Retry(total=0, connect=None, read=None, redirect=None, status=None)) after connection broken by 'NewConnectionError('<urllib3.connection.HTTPConnection object at 0x107bc1590>: Failed to establish a new connection: [Errno 61] Connection refused')': /status
DEBUG:urllib3.connectionpool:Starting new HTTP connection (3): localhost:5004
DEBUG:urllib3.util.retry:Incremented Retry for (url='/status'): Retry(total=0, connect=None, read=None, redirect=None, status=None)
DEBUG:urllib3.util.retry:Incremented Retry for (url='/status'): Retry(total=0, connect=None, read=None, redirect=None, status=None)
DEBUG:urllib3.connectionpool:Starting new HTTP connection (4): localhost:5001
WARNING:urllib3.connectionpool:Retrying (Retry(total=0, connect=None, read=None, redirect=None, status=None)) after connection broken by 'NewConnectionError('<urllib3.connection.HTTPConnection object at 0x107bc17b0>: Failed to establish a new connection: [Errno 61] Connection refused')': /status
WARNING:urllib3.connectionpool:Retrying (Retry(total=0, connect=None, read=None, redirect=None, status=None)) after connection broken by 'NewConnectionError('<urllib3.connection.HTTPConnection object at 0x107bc19d0>: Failed to establish a new connection: [Errno 61] Connection refused')': /status
DEBUG:urllib3.util.retry:Converted retries value: 3 -> Retry(total=3, connect=None, read=None, redirect=None, status=None)
DEBUG:urllib3.connectionpool:Starting new HTTP connection (4): localhost:5003
DEBUG:urllib3.connectionpool:Starting new HTTP connection (4): localhost:5002
DEBUG:urllib3.util.retry:Incremented Retry for (url='/status'): Retry(total=0, connect=None, read=None, redirect=None, status=None)
DEBUG:urllib3.connectionpool:Starting new HTTP connection (1): localhost:5005
WARNING:urllib3.connectionpool:Retrying (Retry(total=0, connect=None, read=None, redirect=None, status=None)) after connection broken by 'NewConnectionError('<urllib3.connection.HTTPConnection object at 0x107bc2470>: Failed to establish a new connection: [Errno 61] Connection refused')': /status
DEBUG:urllib3.util.retry:Converted retries value: 3 -> Retry(total=3, connect=None, read=None, redirect=None, status=None)
DEBUG:urllib3.connectionpool:Starting new HTTP connection (4): localhost:5004
DEBUG:urllib3.util.retry:Converted retries value: 3 -> Retry(total=3, connect=None, read=None, redirect=None, status=None)
DEBUG:urllib3.connectionpool:Starting new HTTP connection (1): localhost:5006
DEBUG:urllib3.util.retry:Incremented Retry for (url='/status'): Retry(total=2, connect=None, read=None, redirect=None, status=None)
DEBUG:urllib3.util.retry:Converted retries value: 3 -> Retry(total=3, connect=None, read=None, redirect=None, status=None)
WARNING:urllib3.connectionpool:Retrying (Retry(total=2, connect=None, read=None, redirect=None, status=None)) after connection broken by 'NewConnectionError('<urllib3.connection.HTTPConnection object at 0x1066bff00>: Failed to establish a new connection: [Errno 61] Connection refused')': /status
DEBUG:urllib3.connectionpool:Starting new HTTP connection (1): localhost:5007
DEBUG:urllib3.util.retry:Converted retries value: 3 -> Retry(total=3, connect=None, read=None, redirect=None, status=None)
DEBUG:urllib3.connectionpool:Starting new HTTP connection (2): localhost:5005
DEBUG:urllib3.connectionpool:Starting new HTTP connection (1): localhost:5008
DEBUG:urllib3.util.retry:Incremented Retry for (url='/status'): Retry(total=2, connect=None, read=None, redirect=None, status=None)
WARNING:urllib3.connectionpool:Retrying (Retry(total=2, connect=None, read=None, redirect=None, status=None)) after connection broken by 'NewConnectionError('<urllib3.connection.HTTPConnection object at 0x107bc0af0>: Failed to establish a new connection: [Errno 61] Connection refused')': /status
DEBUG:urllib3.connectionpool:Starting new HTTP connection (2): localhost:5006
DEBUG:urllib3.connectionpool:Starting new HTTP connection (1): localhost:5009
DEBUG:urllib3.util.retry:Incremented Retry for (url='/status'): Retry(total=2, connect=None, read=None, redirect=None, status=None)
WARNING:urllib3.connectionpool:Retrying (Retry(total=2, connect=None, read=None, redirect=None, status=None)) after connection broken by 'NewConnectionError('<urllib3.connection.HTTPConnection object at 0x107bc05a0>: Failed to establish a new connection: [Errno 61] Connection refused')': /status
DEBUG:urllib3.connectionpool:Starting new HTTP connection (2): localhost:5007
DEBUG:urllib3.util.retry:Incremented Retry for (url='/status'): Retry(total=1, connect=None, read=None, redirect=None, status=None)
WARNING:urllib3.connectionpool:Retrying (Retry(total=1, connect=None, read=None, redirect=None, status=None)) after connection broken by 'NewConnectionError('<urllib3.connection.HTTPConnection object at 0x107bc2be0>: Failed to establish a new connection: [Errno 61] Connection refused')': /status
DEBUG:urllib3.connectionpool:Starting new HTTP connection (3): localhost:5005
DEBUG:urllib3.util.retry:Incremented Retry for (url='/status'): Retry(total=2, connect=None, read=None, redirect=None, status=None)
WARNING:urllib3.connectionpool:Retrying (Retry(total=2, connect=None, read=None, redirect=None, status=None)) after connection broken by 'NewConnectionError('<urllib3.connection.HTTPConnection object at 0x107bc1bf0>: Failed to establish a new connection: [Errno 61] Connection refused')': /status
DEBUG:urllib3.connectionpool:Starting new HTTP connection (2): localhost:5008
DEBUG:urllib3.util.retry:Incremented Retry for (url='/status'): Retry(total=1, connect=None, read=None, redirect=None, status=None)
WARNING:urllib3.connectionpool:Retrying (Retry(total=1, connect=None, read=None, redirect=None, status=None)) after connection broken by 'NewConnectionError('<urllib3.connection.HTTPConnection object at 0x107bc3240>: Failed to establish a new connection: [Errno 61] Connection refused')': /status
DEBUG:urllib3.connectionpool:Starting new HTTP connection (3): localhost:5006
DEBUG:urllib3.util.retry:Incremented Retry for (url='/status'): Retry(total=2, connect=None, read=None, redirect=None, status=None)
WARNING:urllib3.connectionpool:Retrying (Retry(total=2, connect=None, read=None, redirect=None, status=None)) after connection broken by 'NewConnectionError('<urllib3.connection.HTTPConnection object at 0x107bc3350>: Failed to establish a new connection: [Errno 61] Connection refused')': /status
DEBUG:urllib3.connectionpool:Starting new HTTP connection (2): localhost:5009
DEBUG:urllib3.util.retry:Incremented Retry for (url='/status'): Retry(total=1, connect=None, read=None, redirect=None, status=None)
WARNING:urllib3.connectionpool:Retrying (Retry(total=1, connect=None, read=None, redirect=None, status=None)) after connection broken by 'NewConnectionError('<urllib3.connection.HTTPConnection object at 0x107bc3570>: Failed to establish a new connection: [Errno 61] Connection refused')': /status
DEBUG:urllib3.connectionpool:Starting new HTTP connection (3): localhost:5007
DEBUG:urllib3.util.retry:Incremented Retry for (url='/status'): Retry(total=1, connect=None, read=None, redirect=None, status=None)
WARNING:urllib3.connectionpool:Retrying (Retry(total=1, connect=None, read=None, redirect=None, status=None)) after connection broken by 'NewConnectionError('<urllib3.connection.HTTPConnection object at 0x107bc39b0>: Failed to establish a new connection: [Errno 61] Connection refused')': /status
DEBUG:urllib3.connectionpool:Starting new HTTP connection (3): localhost:5008
DEBUG:urllib3.util.retry:Incremented Retry for (url='/status'): Retry(total=0, connect=None, read=None, redirect=None, status=None)
WARNING:urllib3.connectionpool:Retrying (Retry(total=0, connect=None, read=None, redirect=None, status=None)) after connection broken by 'NewConnectionError('<urllib3.connection.HTTPConnection object at 0x107bc3790>: Failed to establish a new connection: [Errno 61] Connection refused')': /status
DEBUG:urllib3.connectionpool:Starting new HTTP connection (4): localhost:5005
DEBUG:urllib3.util.retry:Incremented Retry for (url='/status'): Retry(total=0, connect=None, read=None, redirect=None, status=None)
WARNING:urllib3.connectionpool:Retrying (Retry(total=0, connect=None, read=None, redirect=None, status=None)) after connection broken by 'NewConnectionError('<urllib3.connection.HTTPConnection object at 0x107bc3bd0>: Failed to establish a new connection: [Errno 61] Connection refused')': /status
DEBUG:urllib3.connectionpool:Starting new HTTP connection (4): localhost:5006
DEBUG:urllib3.util.retry:Incremented Retry for (url='/status'): Retry(total=0, connect=None, read=None, redirect=None, status=None)
WARNING:urllib3.connectionpool:Retrying (Retry(total=0, connect=None, read=None, redirect=None, status=None)) after connection broken by 'NewConnectionError('<urllib3.connection.HTTPConnection object at 0x107d58050>: Failed to establish a new connection: [Errno 61] Connection refused')': /status
DEBUG:urllib3.connectionpool:Starting new HTTP connection (4): localhost:5007
DEBUG:urllib3.util.retry:Incremented Retry for (url='/status'): Retry(total=1, connect=None, read=None, redirect=None, status=None)
WARNING:urllib3.connectionpool:Retrying (Retry(total=1, connect=None, read=None, redirect=None, status=None)) after connection broken by 'NewConnectionError('<urllib3.connection.HTTPConnection object at 0x107bc3df0>: Failed to establish a new connection: [Errno 61] Connection refused')': /status
DEBUG:urllib3.connectionpool:Starting new HTTP connection (3): localhost:5009
DEBUG:urllib3.util.retry:Converted retries value: 3 -> Retry(total=3, connect=None, read=None, redirect=None, status=None)
DEBUG:urllib3.util.retry:Incremented Retry for (url='/status'): Retry(total=0, connect=None, read=None, redirect=None, status=None)
WARNING:urllib3.connectionpool:Retrying (Retry(total=0, connect=None, read=None, redirect=None, status=None)) after connection broken by 'NewConnectionError('<urllib3.connection.HTTPConnection object at 0x107d58270>: Failed to establish a new connection: [Errno 61] Connection refused')': /status
DEBUG:urllib3.connectionpool:Starting new HTTP connection (4): localhost:5008
DEBUG:urllib3.connectionpool:Starting new HTTP connection (1): localhost:5010
DEBUG:urllib3.util.retry:Converted retries value: 3 -> Retry(total=3, connect=None, read=None, redirect=None, status=None)
DEBUG:urllib3.util.retry:Incremented Retry for (url='/status'): Retry(total=0, connect=None, read=None, redirect=None, status=None)
DEBUG:urllib3.connectionpool:Starting new HTTP connection (1): localhost:5011
WARNING:urllib3.connectionpool:Retrying (Retry(total=0, connect=None, read=None, redirect=None, status=None)) after connection broken by 'NewConnectionError('<urllib3.connection.HTTPConnection object at 0x107d58af0>: Failed to establish a new connection: [Errno 61] Connection refused')': /status
DEBUG:urllib3.connectionpool:Starting new HTTP connection (4): localhost:5009
DEBUG:urllib3.util.retry:Incremented Retry for (url='/status'): Retry(total=2, connect=None, read=None, redirect=None, status=None)
WARNING:urllib3.connectionpool:Retrying (Retry(total=2, connect=None, read=None, redirect=None, status=None)) after connection broken by 'NewConnectionError('<urllib3.connection.HTTPConnection object at 0x107d59040>: Failed to establish a new connection: [Errno 61] Connection refused')': /status
DEBUG:urllib3.connectionpool:Starting new HTTP connection (2): localhost:5010
DEBUG:urllib3.util.retry:Incremented Retry for (url='/status'): Retry(total=1, connect=None, read=None, redirect=None, status=None)
DEBUG:urllib3.util.retry:Incremented Retry for (url='/status'): Retry(total=2, connect=None, read=None, redirect=None, status=None)
WARNING:urllib3.connectionpool:Retrying (Retry(total=1, connect=None, read=None, redirect=None, status=None)) after connection broken by 'NewConnectionError('<urllib3.connection.HTTPConnection object at 0x107d599d0>: Failed to establish a new connection: [Errno 61] Connection refused')': /status
WARNING:urllib3.connectionpool:Retrying (Retry(total=2, connect=None, read=None, redirect=None, status=None)) after connection broken by 'NewConnectionError('<urllib3.connection.HTTPConnection object at 0x107d597b0>: Failed to establish a new connection: [Errno 61] Connection refused')': /status
DEBUG:urllib3.connectionpool:Starting new HTTP connection (3): localhost:5010
DEBUG:urllib3.connectionpool:Starting new HTTP connection (2): localhost:5011
DEBUG:urllib3.util.retry:Incremented Retry for (url='/status'): Retry(total=1, connect=None, read=None, redirect=None, status=None)
WARNING:urllib3.connectionpool:Retrying (Retry(total=1, connect=None, read=None, redirect=None, status=None)) after connection broken by 'NewConnectionError('<urllib3.connection.HTTPConnection object at 0x107d5a030>: Failed to establish a new connection: [Errno 61] Connection refused')': /status
DEBUG:urllib3.connectionpool:Starting new HTTP connection (3): localhost:5011
DEBUG:urllib3.util.retry:Incremented Retry for (url='/status'): Retry(total=0, connect=None, read=None, redirect=None, status=None)
WARNING:urllib3.connectionpool:Retrying (Retry(total=0, connect=None, read=None, redirect=None, status=None)) after connection broken by 'NewConnectionError('<urllib3.connection.HTTPConnection object at 0x107d59e10>: Failed to establish a new connection: [Errno 61] Connection refused')': /status
DEBUG:urllib3.connectionpool:Starting new HTTP connection (4): localhost:5010
DEBUG:urllib3.util.retry:Incremented Retry for (url='/status'): Retry(total=0, connect=None, read=None, redirect=None, status=None)
WARNING:urllib3.connectionpool:Retrying (Retry(total=0, connect=None, read=None, redirect=None, status=None)) after connection broken by 'NewConnectionError('<urllib3.connection.HTTPConnection object at 0x107d5a470>: Failed to establish a new connection: [Errno 61] Connection refused')': /status
DEBUG:urllib3.connectionpool:Starting new HTTP connection (4): localhost:5011
INFO:src.concurrency.network_safe:Peer discovery complete: 0 new peers
INFO:__main__:Discovered 0 peers
INFO:__main__:Starting API server on port 5000
 * Serving Flask app 'network_node'
 * Debug mode: off
INFO:werkzeug:[31m[1mWARNING: This is a development server. Do not use it in a production deployment. Use a production WSGI server instead.[0m
 * Running on all addresses (0.0.0.0)
 * Running on http://127.0.0.1:5000
 * Running on http://192.168.168.25:5000
INFO:werkzeug:[33mPress CTRL+C to quit[0m
DEBUG:src.concurrency.thread_safety:Thread 6185742336 waiting for lock api_submit_block
DEBUG:src.concurrency.thread_safety:Thread 6185742336 acquired lock api_submit_block
DEBUG:src.concurrency.thread_safety:Thread 6185742336 acquired write lock api_submit_block
DEBUG:src.concurrency.thread_safety:Thread 6185742336 waiting for lock blockchain_chain
DEBUG:src.concurrency.thread_safety:Thread 6185742336 acquired lock blockchain_chain
DEBUG:src.concurrency.thread_safety:Thread 6185742336 acquired write lock blockchain_chain
DEBUG:src.concurrency.thread_safety:Thread 6185742336 released lock blockchain_chain
DEBUG:src.concurrency.thread_safety:Thread 6185742336 released read lock blockchain_chain
ERROR:src.concurrency.blockchain_safe:Block validation error: Deadlock detected: Thread 6185742336 waiting for lock blockchain_chain owned by 6185742336
DEBUG:src.concurrency.thread_safety:Thread 6185742336 released write lock blockchain_chain
DEBUG:src.concurrency.thread_safety:Thread 6185742336 released lock api_submit_block
DEBUG:src.concurrency.thread_safety:Thread 6185742336 released write lock api_submit_block
INFO:werkzeug:127.0.0.1 - - [13/Aug/2025 05:09:33] "[31m[1mPOST /submit_block HTTP/1.1[0m" 400 -
DEBUG:src.concurrency.thread_safety:Thread 6117863424 waiting for lock peer_registry
DEBUG:src.concurrency.thread_safety:Thread 6117863424 acquired lock peer_registry
DEBUG:src.concurrency.thread_safety:Thread 6117863424 acquired read lock peer_registry (readers: 1)
DEBUG:src.concurrency.thread_safety:Thread 6117863424 released lock peer_registry
DEBUG:src.concurrency.thread_safety:Thread 6117863424 released read lock peer_registry
DEBUG:src.concurrency.thread_safety:Thread 6151516160 waiting for lock peer_registry
DEBUG:src.concurrency.thread_safety:Thread 6151516160 acquired lock peer_registry
DEBUG:src.concurrency.thread_safety:Thread 6151516160 acquired read lock peer_registry (readers: 1)
DEBUG:src.concurrency.thread_safety:Thread 6151516160 released lock peer_registry
DEBUG:src.concurrency.thread_safety:Thread 6151516160 released read lock peer_registry
